-------------------------------------------------------------------------------
Test set: TestSuite
-------------------------------------------------------------------------------
Tests run: 5, Failures: 1, Errors: 0, Skipped: 0, Time elapsed: 21.058 s <<< FAILURE! - in TestSuite
Validatepagetitle(Framework.E2EProject.ValidationTitle)  Time elapsed: 0.174 s  <<< FAILURE!
java.lang.AssertionError: expected [FEATURED COUR] but found [FEATURED COURSES]
	at Framework.E2EProject.ValidationTitle.Validatepagetitle(ValidationTitle.java:25)

