<?xml version="1.0" encoding="UTF-8"?>
<!-- Generated by org.testng.reporters.JUnitXMLReporter -->
<testsuite ignored="0" hostname="LAPTOP-L42CN0MH" failures="1" tests="1" name="ValidateTitle" time="8.029" errors="0" timestamp="2020-07-02T21:02:29 BST">
  <testcase classname="Framework.E2EProject.ValidationTitle" name="Validatepagetitle" time="6.372">
    <failure type="java.lang.AssertionError" message="expected [FEATURED COUR] but found [FEATURED COURSES]">
      <![CDATA[java.lang.AssertionError: expected [FEATURED COUR] but found [FEATURED COURSES]
at Framework.E2EProject.ValidationTitle.Validatepagetitle(ValidationTitle.java:25)
at java.base/java.util.ArrayList.forEach(ArrayList.java:1540)
at java.base/java.util.concurrent.FutureTask.run(FutureTask.java:264)
at java.base/java.util.concurrent.ThreadPoolExecutor.runWorker(ThreadPoolExecutor.java:1128)
at java.base/java.util.concurrent.ThreadPoolExecutor$Worker.run(ThreadPoolExecutor.java:628)
at java.base/java.lang.Thread.run(Thread.java:834)
... Removed 23 stack frames]]>
    </failure>
  </testcase> <!-- Validatepagetitle -->
</testsuite> <!-- ValidateTitle -->
