<?xml version="1.0" encoding="UTF-8"?>
<!-- Generated by org.testng.reporters.JUnitXMLReporter -->
<testsuite ignored="0" hostname="LAPTOP-L42CN0MH" failures="0" tests="2" name="ValidateLandingPage" time="7.841" errors="0" timestamp="2020-07-02T21:02:29 BST">
  <testcase classname="Framework.E2EProject.Validation_Landingpage" name="ValidateNavigationBar" time="0.203"/>
  <testcase classname="Framework.E2EProject.Validation_Landingpage" name="ValidateTitle" time="0.034"/>
</testsuite> <!-- ValidateLandingPage -->
