<?xml version="1.0" encoding="UTF-8"?>
<!-- Generated by org.testng.reporters.JUnitXMLReporter -->
<testsuite ignored="0" hostname="LAPTOP-L42CN0MH" failures="0" tests="4" name="TestSuite" time="24.982" errors="0" timestamp="01 Jul 2020 17:59:10 GMT">
  <testcase classname="Framework.E2EProject.HomePage" name="basePageNavigation" time="8.445"/>
  <testcase classname="Framework.E2EProject.HomePage" name="basePageNavigation" time="9.193"/>
  <testcase classname="Framework.E2EProject.Validation_Landingpage" name="ValidateNavigationBar" time="0.079"/>
  <testcase classname="Framework.E2EProject.Validation_Landingpage" name="ValidateTitle" time="0.038"/>
</testsuite> <!-- TestSuite -->
