<?xml version="1.0" encoding="UTF-8"?>
<!-- Generated by org.testng.reporters.JUnitXMLReporter -->
<testsuite ignored="0" hostname="LAPTOP-L42CN0MH" failures="0" tests="2" name="ValidateLandingPage" time="7.745" errors="0" timestamp="06 Jul 2020 19:07:33 GMT">
  <testcase classname="Framework.E2EProject.Validation_Landingpage" name="ValidateNavigationBar" time="0.191"/>
  <testcase classname="Framework.E2EProject.Validation_Landingpage" name="ValidateTitle" time="0.052"/>
</testsuite> <!-- ValidateLandingPage -->
